make --dry-run --always-make --keep-going --print-directory
make: Entering directory '/home/randy/Documents/sampler-sequencer'
make --no-print-directory -f makefile_a7.mk all
 
Building src/a7/Core/main.c at -O0
mkdir -p build/corea7/obj/src/a7/Core/
arm-none-eabi-gcc -c -MMD -MP -MF build/corea7/obj/src/a7/Core/main.d -O0 -g2 -fno-common -DUSE_FULL_LL_DRIVER -DSTM32MP157Cxx -DSTM32MP1 -DCORE_CA7  -mcpu=cortex-a7 -march=armv7ve -mfpu=neon-vfpv4 -mlittle-endian -mfloat-abi=hard -I. -Isrc/shared/HAL/Inc -Isrc/shared/CMSIS/Core_A/Include -Isrc/shared/CMSIS/Device/ST/STM32MP1xx/Include -Isrc/shared/ModuleDefinitions -Isrc/shared/printfunc -fdata-sections -ffunction-sections -nostartfiles -ffreestanding   src/a7/Core/main.c -o build/corea7/obj/src/a7/Core/main.o
Building src/a7/Core/startup.s at -O0
mkdir -p build/corea7/obj/src/a7/Core/
arm-none-eabi-as -mcpu=cortex-a7 -march=armv7ve -mfpu=neon-vfpv4 -mlittle-endian -mfloat-abi=hard src/a7/Core/startup.s -o build/corea7/obj/src/a7/Core/startup.o 
Building src/a7/TestModule/testing.c at -O0
mkdir -p build/corea7/obj/src/a7/TestModule/
arm-none-eabi-gcc -c -MMD -MP -MF build/corea7/obj/src/a7/TestModule/testing.d -O0 -g2 -fno-common -DUSE_FULL_LL_DRIVER -DSTM32MP157Cxx -DSTM32MP1 -DCORE_CA7  -mcpu=cortex-a7 -march=armv7ve -mfpu=neon-vfpv4 -mlittle-endian -mfloat-abi=hard -I. -Isrc/shared/HAL/Inc -Isrc/shared/CMSIS/Core_A/Include -Isrc/shared/CMSIS/Device/ST/STM32MP1xx/Include -Isrc/shared/ModuleDefinitions -Isrc/shared/printfunc -fdata-sections -ffunction-sections -nostartfiles -ffreestanding   src/a7/TestModule/testing.c -o build/corea7/obj/src/a7/TestModule/testing.o
Building src/shared/HAL/Src/stm32mp1xx_hal.c at -O0
mkdir -p build/corea7/obj/src/shared/HAL/Src/
arm-none-eabi-gcc -c -MMD -MP -MF build/corea7/obj/src/shared/HAL/Src/stm32mp1xx_hal.d -O0 -g2 -fno-common -DUSE_FULL_LL_DRIVER -DSTM32MP157Cxx -DSTM32MP1 -DCORE_CA7  -mcpu=cortex-a7 -march=armv7ve -mfpu=neon-vfpv4 -mlittle-endian -mfloat-abi=hard -I. -Isrc/shared/HAL/Inc -Isrc/shared/CMSIS/Core_A/Include -Isrc/shared/CMSIS/Device/ST/STM32MP1xx/Include -Isrc/shared/ModuleDefinitions -Isrc/shared/printfunc -fdata-sections -ffunction-sections -nostartfiles -ffreestanding   src/shared/HAL/Src/stm32mp1xx_hal.c -o build/corea7/obj/src/shared/HAL/Src/stm32mp1xx_hal.o
Building src/shared/HAL/Src/stm32mp1xx_hal_gpio.c at -O0
mkdir -p build/corea7/obj/src/shared/HAL/Src/
arm-none-eabi-gcc -c -MMD -MP -MF build/corea7/obj/src/shared/HAL/Src/stm32mp1xx_hal_gpio.d -O0 -g2 -fno-common -DUSE_FULL_LL_DRIVER -DSTM32MP157Cxx -DSTM32MP1 -DCORE_CA7  -mcpu=cortex-a7 -march=armv7ve -mfpu=neon-vfpv4 -mlittle-endian -mfloat-abi=hard -I. -Isrc/shared/HAL/Inc -Isrc/shared/CMSIS/Core_A/Include -Isrc/shared/CMSIS/Device/ST/STM32MP1xx/Include -Isrc/shared/ModuleDefinitions -Isrc/shared/printfunc -fdata-sections -ffunction-sections -nostartfiles -ffreestanding   src/shared/HAL/Src/stm32mp1xx_hal_gpio.c -o build/corea7/obj/src/shared/HAL/Src/stm32mp1xx_hal_gpio.o
Building src/shared/printfunc/myprint.c at -O0
mkdir -p build/corea7/obj/src/shared/printfunc/
arm-none-eabi-gcc -c -MMD -MP -MF build/corea7/obj/src/shared/printfunc/myprint.d -O0 -g2 -fno-common -DUSE_FULL_LL_DRIVER -DSTM32MP157Cxx -DSTM32MP1 -DCORE_CA7  -mcpu=cortex-a7 -march=armv7ve -mfpu=neon-vfpv4 -mlittle-endian -mfloat-abi=hard -I. -Isrc/shared/HAL/Inc -Isrc/shared/CMSIS/Core_A/Include -Isrc/shared/CMSIS/Device/ST/STM32MP1xx/Include -Isrc/shared/ModuleDefinitions -Isrc/shared/printfunc -fdata-sections -ffunction-sections -nostartfiles -ffreestanding   src/shared/printfunc/myprint.c -o build/corea7/obj/src/shared/printfunc/myprint.o
Linking...
arm-none-eabi-g++ -Wl,--gc-sections -Wl,-Map,build/corea7/main.map,--cref -mcpu=cortex-a7 -march=armv7ve -mfpu=neon-vfpv4 -mlittle-endian -mfloat-abi=hard -T linkscripta7.ld -nostdlib -nostartfiles -ffreestanding   -o bin/a7/main.elf build/corea7/obj/src/a7/Core/main.o build/corea7/obj/src/a7/Core/startup.o build/corea7/obj/src/a7/TestModule/testing.o build/corea7/obj/src/shared/HAL/Src/stm32mp1xx_hal.o build/corea7/obj/src/shared/HAL/Src/stm32mp1xx_hal_gpio.o build/corea7/obj/src/shared/printfunc/myprint.o 
arm-none-eabi-objcopy -O binary bin/a7/main.elf bin/a7/main.bin
Creating uimg file
tools/mkimage -A arm -C none -T kernel -a 0xDFF00000 -e 0xDFF00000 -d bin/a7/main.bin build/corea7/a7-main.uimg
make --no-print-directory -f makefile_m4.mk all
 
Building src/m4/I2C/I2C_Module.c at -O0
mkdir -p build/corem4/obj/src/m4/I2C/
arm-none-eabi-gcc -c -MMD -MP -MF build/corem4/obj/src/m4/I2C/I2C_Module.d -O0 -g2 -fno-common -DUSE_FULL_LL_DRIVER -DSTM32MP157Cxx -DSTM32MP1 -DCORE_CM4 -DARM_MATH_CM4  -mcpu=cortex-m7 -mthumb -mfpu=fpv4-sp-d16 -mlittle-endian -mfloat-abi=hard -I. -Isrc/shared/HAL/Inc -Isrc/shared/CMSIS/Core/Include -Isrc/shared/CMSIS/Device/ST/STM32MP1xx/Include -Isrc/shared/ModuleDefinitions -Isrc/shared/printfunc -Isrc/m4/Audio -Isrc/m4/I2C -Isrc/m4/GPIO -Isrc/m4/Core -fdata-sections -ffunction-sections -nostartfiles -ffreestanding   src/m4/I2C/I2C_Module.c -o build/corem4/obj/src/m4/I2C/I2C_Module.o
Building src/m4/Core/main.c at -O0
mkdir -p build/corem4/obj/src/m4/Core/
arm-none-eabi-gcc -c -MMD -MP -MF build/corem4/obj/src/m4/Core/main.d -O0 -g2 -fno-common -DUSE_FULL_LL_DRIVER -DSTM32MP157Cxx -DSTM32MP1 -DCORE_CM4 -DARM_MATH_CM4  -mcpu=cortex-m7 -mthumb -mfpu=fpv4-sp-d16 -mlittle-endian -mfloat-abi=hard -I. -Isrc/shared/HAL/Inc -Isrc/shared/CMSIS/Core/Include -Isrc/shared/CMSIS/Device/ST/STM32MP1xx/Include -Isrc/shared/ModuleDefinitions -Isrc/shared/printfunc -Isrc/m4/Audio -Isrc/m4/I2C -Isrc/m4/GPIO -Isrc/m4/Core -fdata-sections -ffunction-sections -nostartfiles -ffreestanding   src/m4/Core/main.c -o build/corem4/obj/src/m4/Core/main.o
Building src/m4/Core/startup.s at -O0
mkdir -p build/corem4/obj/src/m4/Core/
arm-none-eabi-as -mcpu=cortex-m7 -mthumb -mfpu=fpv4-sp-d16 -mlittle-endian -mfloat-abi=hard src/m4/Core/startup.s -o build/corem4/obj/src/m4/Core/startup.o 
Building src/m4/Audio/Audio_Interface.c at -O0
mkdir -p build/corem4/obj/src/m4/Audio/
arm-none-eabi-gcc -c -MMD -MP -MF build/corem4/obj/src/m4/Audio/Audio_Interface.d -O0 -g2 -fno-common -DUSE_FULL_LL_DRIVER -DSTM32MP157Cxx -DSTM32MP1 -DCORE_CM4 -DARM_MATH_CM4  -mcpu=cortex-m7 -mthumb -mfpu=fpv4-sp-d16 -mlittle-endian -mfloat-abi=hard -I. -Isrc/shared/HAL/Inc -Isrc/shared/CMSIS/Core/Include -Isrc/shared/CMSIS/Device/ST/STM32MP1xx/Include -Isrc/shared/ModuleDefinitions -Isrc/shared/printfunc -Isrc/m4/Audio -Isrc/m4/I2C -Isrc/m4/GPIO -Isrc/m4/Core -fdata-sections -ffunction-sections -nostartfiles -ffreestanding   src/m4/Audio/Audio_Interface.c -o build/corem4/obj/src/m4/Audio/Audio_Interface.o
Building src/m4/Audio/SAI_Module.c at -O0
mkdir -p build/corem4/obj/src/m4/Audio/
arm-none-eabi-gcc -c -MMD -MP -MF build/corem4/obj/src/m4/Audio/SAI_Module.d -O0 -g2 -fno-common -DUSE_FULL_LL_DRIVER -DSTM32MP157Cxx -DSTM32MP1 -DCORE_CM4 -DARM_MATH_CM4  -mcpu=cortex-m7 -mthumb -mfpu=fpv4-sp-d16 -mlittle-endian -mfloat-abi=hard -I. -Isrc/shared/HAL/Inc -Isrc/shared/CMSIS/Core/Include -Isrc/shared/CMSIS/Device/ST/STM32MP1xx/Include -Isrc/shared/ModuleDefinitions -Isrc/shared/printfunc -Isrc/m4/Audio -Isrc/m4/I2C -Isrc/m4/GPIO -Isrc/m4/Core -fdata-sections -ffunction-sections -nostartfiles -ffreestanding   src/m4/Audio/SAI_Module.c -o build/corem4/obj/src/m4/Audio/SAI_Module.o
Building src/m4/Audio/Audio_Module.c at -O0
mkdir -p build/corem4/obj/src/m4/Audio/
arm-none-eabi-gcc -c -MMD -MP -MF build/corem4/obj/src/m4/Audio/Audio_Module.d -O0 -g2 -fno-common -DUSE_FULL_LL_DRIVER -DSTM32MP157Cxx -DSTM32MP1 -DCORE_CM4 -DARM_MATH_CM4  -mcpu=cortex-m7 -mthumb -mfpu=fpv4-sp-d16 -mlittle-endian -mfloat-abi=hard -I. -Isrc/shared/HAL/Inc -Isrc/shared/CMSIS/Core/Include -Isrc/shared/CMSIS/Device/ST/STM32MP1xx/Include -Isrc/shared/ModuleDefinitions -Isrc/shared/printfunc -Isrc/m4/Audio -Isrc/m4/I2C -Isrc/m4/GPIO -Isrc/m4/Core -fdata-sections -ffunction-sections -nostartfiles -ffreestanding   src/m4/Audio/Audio_Module.c -o build/corem4/obj/src/m4/Audio/Audio_Module.o
Building src/m4/GPIO/GPIO_Module.c at -O0
mkdir -p build/corem4/obj/src/m4/GPIO/
arm-none-eabi-gcc -c -MMD -MP -MF build/corem4/obj/src/m4/GPIO/GPIO_Module.d -O0 -g2 -fno-common -DUSE_FULL_LL_DRIVER -DSTM32MP157Cxx -DSTM32MP1 -DCORE_CM4 -DARM_MATH_CM4  -mcpu=cortex-m7 -mthumb -mfpu=fpv4-sp-d16 -mlittle-endian -mfloat-abi=hard -I. -Isrc/shared/HAL/Inc -Isrc/shared/CMSIS/Core/Include -Isrc/shared/CMSIS/Device/ST/STM32MP1xx/Include -Isrc/shared/ModuleDefinitions -Isrc/shared/printfunc -Isrc/m4/Audio -Isrc/m4/I2C -Isrc/m4/GPIO -Isrc/m4/Core -fdata-sections -ffunction-sections -nostartfiles -ffreestanding   src/m4/GPIO/GPIO_Module.c -o build/corem4/obj/src/m4/GPIO/GPIO_Module.o
Building src/shared/HAL/Src/stm32mp1xx_hal.c at -O0
mkdir -p build/corem4/obj/src/shared/HAL/Src/
arm-none-eabi-gcc -c -MMD -MP -MF build/corem4/obj/src/shared/HAL/Src/stm32mp1xx_hal.d -O0 -g2 -fno-common -DUSE_FULL_LL_DRIVER -DSTM32MP157Cxx -DSTM32MP1 -DCORE_CM4 -DARM_MATH_CM4  -mcpu=cortex-m7 -mthumb -mfpu=fpv4-sp-d16 -mlittle-endian -mfloat-abi=hard -I. -Isrc/shared/HAL/Inc -Isrc/shared/CMSIS/Core/Include -Isrc/shared/CMSIS/Device/ST/STM32MP1xx/Include -Isrc/shared/ModuleDefinitions -Isrc/shared/printfunc -Isrc/m4/Audio -Isrc/m4/I2C -Isrc/m4/GPIO -Isrc/m4/Core -fdata-sections -ffunction-sections -nostartfiles -ffreestanding   src/shared/HAL/Src/stm32mp1xx_hal.c -o build/corem4/obj/src/shared/HAL/Src/stm32mp1xx_hal.o
Building src/shared/HAL/Src/stm32mp1xx_hal_gpio.c at -O0
mkdir -p build/corem4/obj/src/shared/HAL/Src/
arm-none-eabi-gcc -c -MMD -MP -MF build/corem4/obj/src/shared/HAL/Src/stm32mp1xx_hal_gpio.d -O0 -g2 -fno-common -DUSE_FULL_LL_DRIVER -DSTM32MP157Cxx -DSTM32MP1 -DCORE_CM4 -DARM_MATH_CM4  -mcpu=cortex-m7 -mthumb -mfpu=fpv4-sp-d16 -mlittle-endian -mfloat-abi=hard -I. -Isrc/shared/HAL/Inc -Isrc/shared/CMSIS/Core/Include -Isrc/shared/CMSIS/Device/ST/STM32MP1xx/Include -Isrc/shared/ModuleDefinitions -Isrc/shared/printfunc -Isrc/m4/Audio -Isrc/m4/I2C -Isrc/m4/GPIO -Isrc/m4/Core -fdata-sections -ffunction-sections -nostartfiles -ffreestanding   src/shared/HAL/Src/stm32mp1xx_hal_gpio.c -o build/corem4/obj/src/shared/HAL/Src/stm32mp1xx_hal_gpio.o
Building src/shared/HAL/Src/stm32mp1xx_hal_cortex.c at -O0
mkdir -p build/corem4/obj/src/shared/HAL/Src/
arm-none-eabi-gcc -c -MMD -MP -MF build/corem4/obj/src/shared/HAL/Src/stm32mp1xx_hal_cortex.d -O0 -g2 -fno-common -DUSE_FULL_LL_DRIVER -DSTM32MP157Cxx -DSTM32MP1 -DCORE_CM4 -DARM_MATH_CM4  -mcpu=cortex-m7 -mthumb -mfpu=fpv4-sp-d16 -mlittle-endian -mfloat-abi=hard -I. -Isrc/shared/HAL/Inc -Isrc/shared/CMSIS/Core/Include -Isrc/shared/CMSIS/Device/ST/STM32MP1xx/Include -Isrc/shared/ModuleDefinitions -Isrc/shared/printfunc -Isrc/m4/Audio -Isrc/m4/I2C -Isrc/m4/GPIO -Isrc/m4/Core -fdata-sections -ffunction-sections -nostartfiles -ffreestanding   src/shared/HAL/Src/stm32mp1xx_hal_cortex.c -o build/corem4/obj/src/shared/HAL/Src/stm32mp1xx_hal_cortex.o
Building src/shared/HAL/Src/stm32mp1xx_hal_rcc.c at -O0
mkdir -p build/corem4/obj/src/shared/HAL/Src/
arm-none-eabi-gcc -c -MMD -MP -MF build/corem4/obj/src/shared/HAL/Src/stm32mp1xx_hal_rcc.d -O0 -g2 -fno-common -DUSE_FULL_LL_DRIVER -DSTM32MP157Cxx -DSTM32MP1 -DCORE_CM4 -DARM_MATH_CM4  -mcpu=cortex-m7 -mthumb -mfpu=fpv4-sp-d16 -mlittle-endian -mfloat-abi=hard -I. -Isrc/shared/HAL/Inc -Isrc/shared/CMSIS/Core/Include -Isrc/shared/CMSIS/Device/ST/STM32MP1xx/Include -Isrc/shared/ModuleDefinitions -Isrc/shared/printfunc -Isrc/m4/Audio -Isrc/m4/I2C -Isrc/m4/GPIO -Isrc/m4/Core -fdata-sections -ffunction-sections -nostartfiles -ffreestanding   src/shared/HAL/Src/stm32mp1xx_hal_rcc.c -o build/corem4/obj/src/shared/HAL/Src/stm32mp1xx_hal_rcc.o
Building src/shared/HAL/Src/stm32mp1xx_hal_rcc_ex.c at -O0
mkdir -p build/corem4/obj/src/shared/HAL/Src/
arm-none-eabi-gcc -c -MMD -MP -MF build/corem4/obj/src/shared/HAL/Src/stm32mp1xx_hal_rcc_ex.d -O0 -g2 -fno-common -DUSE_FULL_LL_DRIVER -DSTM32MP157Cxx -DSTM32MP1 -DCORE_CM4 -DARM_MATH_CM4  -mcpu=cortex-m7 -mthumb -mfpu=fpv4-sp-d16 -mlittle-endian -mfloat-abi=hard -I. -Isrc/shared/HAL/Inc -Isrc/shared/CMSIS/Core/Include -Isrc/shared/CMSIS/Device/ST/STM32MP1xx/Include -Isrc/shared/ModuleDefinitions -Isrc/shared/printfunc -Isrc/m4/Audio -Isrc/m4/I2C -Isrc/m4/GPIO -Isrc/m4/Core -fdata-sections -ffunction-sections -nostartfiles -ffreestanding   src/shared/HAL/Src/stm32mp1xx_hal_rcc_ex.c -o build/corem4/obj/src/shared/HAL/Src/stm32mp1xx_hal_rcc_ex.o
Building src/shared/CMSIS/Device/ST/STM32MP1xx/Source/Templates/system_stm32mp1xx.c at -O0
mkdir -p build/corem4/obj/src/shared/CMSIS/Device/ST/STM32MP1xx/Source/Templates/
arm-none-eabi-gcc -c -MMD -MP -MF build/corem4/obj/src/shared/CMSIS/Device/ST/STM32MP1xx/Source/Templates/system_stm32mp1xx.d -O0 -g2 -fno-common -DUSE_FULL_LL_DRIVER -DSTM32MP157Cxx -DSTM32MP1 -DCORE_CM4 -DARM_MATH_CM4  -mcpu=cortex-m7 -mthumb -mfpu=fpv4-sp-d16 -mlittle-endian -mfloat-abi=hard -I. -Isrc/shared/HAL/Inc -Isrc/shared/CMSIS/Core/Include -Isrc/shared/CMSIS/Device/ST/STM32MP1xx/Include -Isrc/shared/ModuleDefinitions -Isrc/shared/printfunc -Isrc/m4/Audio -Isrc/m4/I2C -Isrc/m4/GPIO -Isrc/m4/Core -fdata-sections -ffunction-sections -nostartfiles -ffreestanding   src/shared/CMSIS/Device/ST/STM32MP1xx/Source/Templates/system_stm32mp1xx.c -o build/corem4/obj/src/shared/CMSIS/Device/ST/STM32MP1xx/Source/Templates/system_stm32mp1xx.o
Building src/shared/HAL/Src/stm32mp1xx_hal_msp.c at -O0
mkdir -p build/corem4/obj/src/shared/HAL/Src/
arm-none-eabi-gcc -c -MMD -MP -MF build/corem4/obj/src/shared/HAL/Src/stm32mp1xx_hal_msp.d -O0 -g2 -fno-common -DUSE_FULL_LL_DRIVER -DSTM32MP157Cxx -DSTM32MP1 -DCORE_CM4 -DARM_MATH_CM4  -mcpu=cortex-m7 -mthumb -mfpu=fpv4-sp-d16 -mlittle-endian -mfloat-abi=hard -I. -Isrc/shared/HAL/Inc -Isrc/shared/CMSIS/Core/Include -Isrc/shared/CMSIS/Device/ST/STM32MP1xx/Include -Isrc/shared/ModuleDefinitions -Isrc/shared/printfunc -Isrc/m4/Audio -Isrc/m4/I2C -Isrc/m4/GPIO -Isrc/m4/Core -fdata-sections -ffunction-sections -nostartfiles -ffreestanding   src/shared/HAL/Src/stm32mp1xx_hal_msp.c -o build/corem4/obj/src/shared/HAL/Src/stm32mp1xx_hal_msp.o
 
Building src/shared/printfunc/myprint.c at -O0
mkdir -p build/corem4/obj/src/shared/printfunc/
arm-none-eabi-gcc -c -MMD -MP -MF build/corem4/obj/src/shared/printfunc/myprint.d -O0 -g2 -fno-common -DUSE_FULL_LL_DRIVER -DSTM32MP157Cxx -DSTM32MP1 -DCORE_CM4 -DARM_MATH_CM4  -mcpu=cortex-m7 -mthumb -mfpu=fpv4-sp-d16 -mlittle-endian -mfloat-abi=hard -I. -Isrc/shared/HAL/Inc -Isrc/shared/CMSIS/Core/Include -Isrc/shared/CMSIS/Device/ST/STM32MP1xx/Include -Isrc/shared/ModuleDefinitions -Isrc/shared/printfunc -Isrc/m4/Audio -Isrc/m4/I2C -Isrc/m4/GPIO -Isrc/m4/Core -fdata-sections -ffunction-sections -nostartfiles -ffreestanding   src/shared/printfunc/myprint.c -o build/corem4/obj/src/shared/printfunc/myprint.o
Building src/shared/HAL/Src/stm32mp1xx_hal_sai.c at -O0
mkdir -p build/corem4/obj/src/shared/HAL/Src/
arm-none-eabi-gcc -c -MMD -MP -MF build/corem4/obj/src/shared/HAL/Src/stm32mp1xx_hal_sai.d -O0 -g2 -fno-common -DUSE_FULL_LL_DRIVER -DSTM32MP157Cxx -DSTM32MP1 -DCORE_CM4 -DARM_MATH_CM4  -mcpu=cortex-m7 -mthumb -mfpu=fpv4-sp-d16 -mlittle-endian -mfloat-abi=hard -I. -Isrc/shared/HAL/Inc -Isrc/shared/CMSIS/Core/Include -Isrc/shared/CMSIS/Device/ST/STM32MP1xx/Include -Isrc/shared/ModuleDefinitions -Isrc/shared/printfunc -Isrc/m4/Audio -Isrc/m4/I2C -Isrc/m4/GPIO -Isrc/m4/Core -fdata-sections -ffunction-sections -nostartfiles -ffreestanding   src/shared/HAL/Src/stm32mp1xx_hal_sai.c -o build/corem4/obj/src/shared/HAL/Src/stm32mp1xx_hal_sai.o
Building src/shared/HAL/Src/stm32mp1xx_hal_sai_ex.c at -O0
mkdir -p build/corem4/obj/src/shared/HAL/Src/
arm-none-eabi-gcc -c -MMD -MP -MF build/corem4/obj/src/shared/HAL/Src/stm32mp1xx_hal_sai_ex.d -O0 -g2 -fno-common -DUSE_FULL_LL_DRIVER -DSTM32MP157Cxx -DSTM32MP1 -DCORE_CM4 -DARM_MATH_CM4  -mcpu=cortex-m7 -mthumb -mfpu=fpv4-sp-d16 -mlittle-endian -mfloat-abi=hard -I. -Isrc/shared/HAL/Inc -Isrc/shared/CMSIS/Core/Include -Isrc/shared/CMSIS/Device/ST/STM32MP1xx/Include -Isrc/shared/ModuleDefinitions -Isrc/shared/printfunc -Isrc/m4/Audio -Isrc/m4/I2C -Isrc/m4/GPIO -Isrc/m4/Core -fdata-sections -ffunction-sections -nostartfiles -ffreestanding   src/shared/HAL/Src/stm32mp1xx_hal_sai_ex.c -o build/corem4/obj/src/shared/HAL/Src/stm32mp1xx_hal_sai_ex.o
Building src/shared/HAL/Src/stm32mp1xx_hal_i2c.c at -O0
mkdir -p build/corem4/obj/src/shared/HAL/Src/
arm-none-eabi-gcc -c -MMD -MP -MF build/corem4/obj/src/shared/HAL/Src/stm32mp1xx_hal_i2c.d -O0 -g2 -fno-common -DUSE_FULL_LL_DRIVER -DSTM32MP157Cxx -DSTM32MP1 -DCORE_CM4 -DARM_MATH_CM4  -mcpu=cortex-m7 -mthumb -mfpu=fpv4-sp-d16 -mlittle-endian -mfloat-abi=hard -I. -Isrc/shared/HAL/Inc -Isrc/shared/CMSIS/Core/Include -Isrc/shared/CMSIS/Device/ST/STM32MP1xx/Include -Isrc/shared/ModuleDefinitions -Isrc/shared/printfunc -Isrc/m4/Audio -Isrc/m4/I2C -Isrc/m4/GPIO -Isrc/m4/Core -fdata-sections -ffunction-sections -nostartfiles -ffreestanding   src/shared/HAL/Src/stm32mp1xx_hal_i2c.c -o build/corem4/obj/src/shared/HAL/Src/stm32mp1xx_hal_i2c.o
Building src/shared/HAL/Src/stm32mp1xx_hal_i2c_ex.c at -O0
mkdir -p build/corem4/obj/src/shared/HAL/Src/
arm-none-eabi-gcc -c -MMD -MP -MF build/corem4/obj/src/shared/HAL/Src/stm32mp1xx_hal_i2c_ex.d -O0 -g2 -fno-common -DUSE_FULL_LL_DRIVER -DSTM32MP157Cxx -DSTM32MP1 -DCORE_CM4 -DARM_MATH_CM4  -mcpu=cortex-m7 -mthumb -mfpu=fpv4-sp-d16 -mlittle-endian -mfloat-abi=hard -I. -Isrc/shared/HAL/Inc -Isrc/shared/CMSIS/Core/Include -Isrc/shared/CMSIS/Device/ST/STM32MP1xx/Include -Isrc/shared/ModuleDefinitions -Isrc/shared/printfunc -Isrc/m4/Audio -Isrc/m4/I2C -Isrc/m4/GPIO -Isrc/m4/Core -fdata-sections -ffunction-sections -nostartfiles -ffreestanding   src/shared/HAL/Src/stm32mp1xx_hal_i2c_ex.c -o build/corem4/obj/src/shared/HAL/Src/stm32mp1xx_hal_i2c_ex.o
Building src/shared/HAL/Src/stm32mp1xx_hal_dma.c at -O0
mkdir -p build/corem4/obj/src/shared/HAL/Src/
arm-none-eabi-gcc -c -MMD -MP -MF build/corem4/obj/src/shared/HAL/Src/stm32mp1xx_hal_dma.d -O0 -g2 -fno-common -DUSE_FULL_LL_DRIVER -DSTM32MP157Cxx -DSTM32MP1 -DCORE_CM4 -DARM_MATH_CM4  -mcpu=cortex-m7 -mthumb -mfpu=fpv4-sp-d16 -mlittle-endian -mfloat-abi=hard -I. -Isrc/shared/HAL/Inc -Isrc/shared/CMSIS/Core/Include -Isrc/shared/CMSIS/Device/ST/STM32MP1xx/Include -Isrc/shared/ModuleDefinitions -Isrc/shared/printfunc -Isrc/m4/Audio -Isrc/m4/I2C -Isrc/m4/GPIO -Isrc/m4/Core -fdata-sections -ffunction-sections -nostartfiles -ffreestanding   src/shared/HAL/Src/stm32mp1xx_hal_dma.c -o build/corem4/obj/src/shared/HAL/Src/stm32mp1xx_hal_dma.o
Linking...
arm-none-eabi-g++ -Wl,--gc-sections -Wl,-Map,build/corem4/main.map,--cref -mcpu=cortex-m7 -mthumb -mfpu=fpv4-sp-d16 -mlittle-endian -mfloat-abi=hard -T linkscriptm4.ld -nostdlib -nostartfiles -ffreestanding   -o bin/m4/main.elf build/corem4/obj/src/m4/I2C/I2C_Module.o build/corem4/obj/src/m4/Core/main.o build/corem4/obj/src/m4/Core/startup.o build/corem4/obj/src/m4/Audio/Audio_Interface.o build/corem4/obj/src/m4/Audio/SAI_Module.o build/corem4/obj/src/m4/Audio/Audio_Module.o build/corem4/obj/src/m4/GPIO/GPIO_Module.o build/corem4/obj/src/shared/HAL/Src/stm32mp1xx_hal.o build/corem4/obj/src/shared/HAL/Src/stm32mp1xx_hal_gpio.o build/corem4/obj/src/shared/HAL/Src/stm32mp1xx_hal_cortex.o build/corem4/obj/src/shared/HAL/Src/stm32mp1xx_hal_rcc.o build/corem4/obj/src/shared/HAL/Src/stm32mp1xx_hal_rcc_ex.o build/corem4/obj/src/shared/CMSIS/Device/ST/STM32MP1xx/Source/Templates/system_stm32mp1xx.o build/corem4/obj/src/shared/HAL/Src/stm32mp1xx_hal_msp.o build/corem4/obj/src/shared/printfunc/myprint.o build/corem4/obj/src/shared/HAL/Src/stm32mp1xx_hal_sai.o build/corem4/obj/src/shared/HAL/Src/stm32mp1xx_hal_sai_ex.o build/corem4/obj/src/shared/HAL/Src/stm32mp1xx_hal_i2c.o build/corem4/obj/src/shared/HAL/Src/stm32mp1xx_hal_i2c_ex.o build/corem4/obj/src/shared/HAL/Src/stm32mp1xx_hal_dma.o 
make: Leaving directory '/home/randy/Documents/sampler-sequencer'
 
